0 silly input [ 'bootstrap' ]
1 silly flags { _: [ 'bootstrap' ], sort: true, concurrency: 4 }
2 verbose rootPath /Users/ruben/Documents/entrecode/ec.components
3 info version 2.0.0-rc.4
4 info versioning independent
5 silly isInitialized
6 silly isInitialized true
7 silly existsSync /Users/ruben/Documents/entrecode/ec.components/VERSION
8 silly initialize attempt
9 silly initialize success
10 silly execute attempt
11 info Bootstrapping 3 packages
12 info lifecycle preinstall
13 silly runScript preinstall @ec.components/core
14 silly @ec.components/core
15 silly runScript preinstall @ec.components/data
16 silly @ec.components/data
17 silly runScript preinstall @ec.components/ui
18 silly @ec.components/ui
19 silly hasDependencyInstalled @ec.components/data @types/jasmine
20 silly dependencyIsSatisfied [ '@types/jasmine',
20 silly dependencyIsSatisfied   '^2.5.47',
20 silly dependencyIsSatisfied   '/Users/ruben/Documents/entrecode/ec.components/src/packages/data/node_modules' ]
21 verbose dependencyIsSatisfied @types/jasmine false
22 silly hasDependencyInstalled @ec.components/ui @types/jasmine
23 silly dependencyIsSatisfied [ '@types/jasmine',
23 silly dependencyIsSatisfied   '^2.5.47',
23 silly dependencyIsSatisfied   '/Users/ruben/Documents/entrecode/ec.components/src/packages/ui/node_modules' ]
24 verbose dependencyIsSatisfied @types/jasmine false
25 silly hasDependencyInstalled @ec.components/data @types/node
26 silly dependencyIsSatisfied [ '@types/node',
26 silly dependencyIsSatisfied   '^6.0.71',
26 silly dependencyIsSatisfied   '/Users/ruben/Documents/entrecode/ec.components/src/packages/data/node_modules' ]
27 verbose dependencyIsSatisfied @types/node false
28 silly hasDependencyInstalled @ec.components/ui @types/node
29 silly dependencyIsSatisfied [ '@types/node',
29 silly dependencyIsSatisfied   '^6.0.71',
29 silly dependencyIsSatisfied   '/Users/ruben/Documents/entrecode/ec.components/src/packages/ui/node_modules' ]
30 verbose dependencyIsSatisfied @types/node false
31 silly hasDependencyInstalled @ec.components/data @angular/common
32 silly dependencyIsSatisfied [ '@angular/common',
32 silly dependencyIsSatisfied   '^4.0.0',
32 silly dependencyIsSatisfied   '/Users/ruben/Documents/entrecode/ec.components/src/packages/data/node_modules' ]
33 verbose dependencyIsSatisfied @angular/common false
34 silly hasDependencyInstalled @ec.components/ui @angular/common
35 silly dependencyIsSatisfied [ '@angular/common',
35 silly dependencyIsSatisfied   '^4.0.0',
35 silly dependencyIsSatisfied   '/Users/ruben/Documents/entrecode/ec.components/src/packages/ui/node_modules' ]
36 verbose dependencyIsSatisfied @angular/common false
37 silly hasDependencyInstalled @ec.components/data @angular/compiler
38 silly dependencyIsSatisfied [ '@angular/compiler',
38 silly dependencyIsSatisfied   '^4.0.0',
38 silly dependencyIsSatisfied   '/Users/ruben/Documents/entrecode/ec.components/src/packages/data/node_modules' ]
39 verbose dependencyIsSatisfied @angular/compiler false
40 silly hasDependencyInstalled @ec.components/ui @angular/compiler
41 silly dependencyIsSatisfied [ '@angular/compiler',
41 silly dependencyIsSatisfied   '^4.0.0',
41 silly dependencyIsSatisfied   '/Users/ruben/Documents/entrecode/ec.components/src/packages/ui/node_modules' ]
42 verbose dependencyIsSatisfied @angular/compiler false
43 silly hasDependencyInstalled @ec.components/data @angular/core
44 silly dependencyIsSatisfied [ '@angular/core',
44 silly dependencyIsSatisfied   '^4.0.0',
44 silly dependencyIsSatisfied   '/Users/ruben/Documents/entrecode/ec.components/src/packages/data/node_modules' ]
45 verbose dependencyIsSatisfied @angular/core false
46 silly hasDependencyInstalled @ec.components/ui @angular/core
47 silly dependencyIsSatisfied [ '@angular/core',
47 silly dependencyIsSatisfied   '^4.0.0',
47 silly dependencyIsSatisfied   '/Users/ruben/Documents/entrecode/ec.components/src/packages/ui/node_modules' ]
48 verbose dependencyIsSatisfied @angular/core false
49 silly hasDependencyInstalled @ec.components/data @angular/forms
50 silly dependencyIsSatisfied [ '@angular/forms',
50 silly dependencyIsSatisfied   '^4.0.0',
50 silly dependencyIsSatisfied   '/Users/ruben/Documents/entrecode/ec.components/src/packages/data/node_modules' ]
51 verbose dependencyIsSatisfied @angular/forms false
52 silly hasDependencyInstalled @ec.components/ui @angular/forms
53 silly dependencyIsSatisfied [ '@angular/forms',
53 silly dependencyIsSatisfied   '^4.0.0',
53 silly dependencyIsSatisfied   '/Users/ruben/Documents/entrecode/ec.components/src/packages/ui/node_modules' ]
54 verbose dependencyIsSatisfied @angular/forms false
55 silly hasDependencyInstalled @ec.components/data @angular/http
56 silly dependencyIsSatisfied [ '@angular/http',
56 silly dependencyIsSatisfied   '^4.0.0',
56 silly dependencyIsSatisfied   '/Users/ruben/Documents/entrecode/ec.components/src/packages/data/node_modules' ]
57 verbose dependencyIsSatisfied @angular/http false
58 silly hasDependencyInstalled @ec.components/ui @angular/http
59 silly dependencyIsSatisfied [ '@angular/http',
59 silly dependencyIsSatisfied   '^4.0.0',
59 silly dependencyIsSatisfied   '/Users/ruben/Documents/entrecode/ec.components/src/packages/ui/node_modules' ]
60 verbose dependencyIsSatisfied @angular/http false
61 silly hasDependencyInstalled @ec.components/data @angular/platform-browser
62 silly dependencyIsSatisfied [ '@angular/platform-browser',
62 silly dependencyIsSatisfied   '^4.0.0',
62 silly dependencyIsSatisfied   '/Users/ruben/Documents/entrecode/ec.components/src/packages/data/node_modules' ]
63 verbose dependencyIsSatisfied @angular/platform-browser false
64 silly hasDependencyInstalled @ec.components/ui @angular/platform-browser
65 silly dependencyIsSatisfied [ '@angular/platform-browser',
65 silly dependencyIsSatisfied   '^4.0.0',
65 silly dependencyIsSatisfied   '/Users/ruben/Documents/entrecode/ec.components/src/packages/ui/node_modules' ]
66 verbose dependencyIsSatisfied @angular/platform-browser false
67 silly hasDependencyInstalled @ec.components/data @ec.components/core
68 silly dependencyIsSatisfied [ '@ec.components/core',
68 silly dependencyIsSatisfied   'file:../core',
68 silly dependencyIsSatisfied   '/Users/ruben/Documents/entrecode/ec.components/src/packages/data/node_modules' ]
69 verbose dependencyIsSatisfied @ec.components/core false
70 silly hasDependencyInstalled @ec.components/ui @ec.components/core
71 silly dependencyIsSatisfied [ '@ec.components/core',
71 silly dependencyIsSatisfied   'file:../core',
71 silly dependencyIsSatisfied   '/Users/ruben/Documents/entrecode/ec.components/src/packages/ui/node_modules' ]
72 verbose dependencyIsSatisfied @ec.components/core false
73 silly hasDependencyInstalled @ec.components/data @ec.components/ui
74 silly dependencyIsSatisfied [ '@ec.components/ui',
74 silly dependencyIsSatisfied   'file:../ui',
74 silly dependencyIsSatisfied   '/Users/ruben/Documents/entrecode/ec.components/src/packages/data/node_modules' ]
75 verbose dependencyIsSatisfied @ec.components/ui false
76 silly hasDependencyInstalled @ec.components/data ec.datamanager
77 silly dependencyIsSatisfied [ 'ec.datamanager',
77 silly dependencyIsSatisfied   '^0.12.5',
77 silly dependencyIsSatisfied   '/Users/ruben/Documents/entrecode/ec.components/src/packages/data/node_modules' ]
78 verbose dependencyIsSatisfied ec.datamanager false
79 silly hasDependencyInstalled @ec.components/data moment
80 silly dependencyIsSatisfied [ 'moment',
80 silly dependencyIsSatisfied   '^2.18.1',
80 silly dependencyIsSatisfied   '/Users/ruben/Documents/entrecode/ec.components/src/packages/data/node_modules' ]
81 verbose dependencyIsSatisfied moment false
82 silly hasDependencyInstalled @ec.components/core rxjs
83 silly dependencyIsSatisfied [ 'rxjs',
83 silly dependencyIsSatisfied   '^5.1.0',
83 silly dependencyIsSatisfied   '/Users/ruben/Documents/entrecode/ec.components/src/packages/core/node_modules' ]
84 verbose dependencyIsSatisfied rxjs true
85 silly hasDependencyInstalled @ec.components/data rxjs
86 silly dependencyIsSatisfied [ 'rxjs',
86 silly dependencyIsSatisfied   '^5.1.0',
86 silly dependencyIsSatisfied   '/Users/ruben/Documents/entrecode/ec.components/src/packages/data/node_modules' ]
87 verbose dependencyIsSatisfied rxjs false
88 silly hasDependencyInstalled @ec.components/ui rxjs
89 silly dependencyIsSatisfied [ 'rxjs',
89 silly dependencyIsSatisfied   '^5.1.0',
89 silly dependencyIsSatisfied   '/Users/ruben/Documents/entrecode/ec.components/src/packages/ui/node_modules' ]
90 verbose dependencyIsSatisfied rxjs false
91 silly hasDependencyInstalled @ec.components/data xlcss
92 silly dependencyIsSatisfied [ 'xlcss',
92 silly dependencyIsSatisfied   '^2.1.10',
92 silly dependencyIsSatisfied   '/Users/ruben/Documents/entrecode/ec.components/src/packages/data/node_modules' ]
93 verbose dependencyIsSatisfied xlcss false
94 silly hasDependencyInstalled @ec.components/ui xlcss
95 silly dependencyIsSatisfied [ 'xlcss',
95 silly dependencyIsSatisfied   '^2.1.10',
95 silly dependencyIsSatisfied   '/Users/ruben/Documents/entrecode/ec.components/src/packages/ui/node_modules' ]
96 verbose dependencyIsSatisfied xlcss false
97 silly hasDependencyInstalled @ec.components/data zone.js
98 silly dependencyIsSatisfied [ 'zone.js',
98 silly dependencyIsSatisfied   '^0.8.4',
98 silly dependencyIsSatisfied   '/Users/ruben/Documents/entrecode/ec.components/src/packages/data/node_modules' ]
99 verbose dependencyIsSatisfied zone.js false
100 silly hasDependencyInstalled @ec.components/ui zone.js
101 silly dependencyIsSatisfied [ 'zone.js',
101 silly dependencyIsSatisfied   '^0.8.4',
101 silly dependencyIsSatisfied   '/Users/ruben/Documents/entrecode/ec.components/src/packages/ui/node_modules' ]
102 verbose dependencyIsSatisfied zone.js false
103 silly root dependencies []
104 silly leaf dependencies {
104 silly leaf dependencies   "@ec.components/data": [
104 silly leaf dependencies     {
104 silly leaf dependencies       "dependency": "@types/jasmine@^2.5.47",
104 silly leaf dependencies       "isSatisfied": false
104 silly leaf dependencies     },
104 silly leaf dependencies     {
104 silly leaf dependencies       "dependency": "@types/node@^6.0.71",
104 silly leaf dependencies       "isSatisfied": false
104 silly leaf dependencies     },
104 silly leaf dependencies     {
104 silly leaf dependencies       "dependency": "@angular/common@^4.0.0",
104 silly leaf dependencies       "isSatisfied": false
104 silly leaf dependencies     },
104 silly leaf dependencies     {
104 silly leaf dependencies       "dependency": "@angular/compiler@^4.0.0",
104 silly leaf dependencies       "isSatisfied": false
104 silly leaf dependencies     },
104 silly leaf dependencies     {
104 silly leaf dependencies       "dependency": "@angular/core@^4.0.0",
104 silly leaf dependencies       "isSatisfied": false
104 silly leaf dependencies     },
104 silly leaf dependencies     {
104 silly leaf dependencies       "dependency": "@angular/forms@^4.0.0",
104 silly leaf dependencies       "isSatisfied": false
104 silly leaf dependencies     },
104 silly leaf dependencies     {
104 silly leaf dependencies       "dependency": "@angular/http@^4.0.0",
104 silly leaf dependencies       "isSatisfied": false
104 silly leaf dependencies     },
104 silly leaf dependencies     {
104 silly leaf dependencies       "dependency": "@angular/platform-browser@^4.0.0",
104 silly leaf dependencies       "isSatisfied": false
104 silly leaf dependencies     },
104 silly leaf dependencies     {
104 silly leaf dependencies       "dependency": "@ec.components/core@file:../core",
104 silly leaf dependencies       "isSatisfied": false
104 silly leaf dependencies     },
104 silly leaf dependencies     {
104 silly leaf dependencies       "dependency": "@ec.components/ui@file:../ui",
104 silly leaf dependencies       "isSatisfied": false
104 silly leaf dependencies     },
104 silly leaf dependencies     {
104 silly leaf dependencies       "dependency": "ec.datamanager@^0.12.5",
104 silly leaf dependencies       "isSatisfied": false
104 silly leaf dependencies     },
104 silly leaf dependencies     {
104 silly leaf dependencies       "dependency": "moment@^2.18.1",
104 silly leaf dependencies       "isSatisfied": false
104 silly leaf dependencies     },
104 silly leaf dependencies     {
104 silly leaf dependencies       "dependency": "rxjs@^5.1.0",
104 silly leaf dependencies       "isSatisfied": false
104 silly leaf dependencies     },
104 silly leaf dependencies     {
104 silly leaf dependencies       "dependency": "xlcss@^2.1.10",
104 silly leaf dependencies       "isSatisfied": false
104 silly leaf dependencies     },
104 silly leaf dependencies     {
104 silly leaf dependencies       "dependency": "zone.js@^0.8.4",
104 silly leaf dependencies       "isSatisfied": false
104 silly leaf dependencies     }
104 silly leaf dependencies   ],
104 silly leaf dependencies   "@ec.components/ui": [
104 silly leaf dependencies     {
104 silly leaf dependencies       "dependency": "@types/jasmine@^2.5.47",
104 silly leaf dependencies       "isSatisfied": false
104 silly leaf dependencies     },
104 silly leaf dependencies     {
104 silly leaf dependencies       "dependency": "@types/node@^6.0.71",
104 silly leaf dependencies       "isSatisfied": false
104 silly leaf dependencies     },
104 silly leaf dependencies     {
104 silly leaf dependencies       "dependency": "@angular/common@^4.0.0",
104 silly leaf dependencies       "isSatisfied": false
104 silly leaf dependencies     },
104 silly leaf dependencies     {
104 silly leaf dependencies       "dependency": "@angular/compiler@^4.0.0",
104 silly leaf dependencies       "isSatisfied": false
104 silly leaf dependencies     },
104 silly leaf dependencies     {
104 silly leaf dependencies       "dependency": "@angular/core@^4.0.0",
104 silly leaf dependencies       "isSatisfied": false
104 silly leaf dependencies     },
104 silly leaf dependencies     {
104 silly leaf dependencies       "dependency": "@angular/forms@^4.0.0",
104 silly leaf dependencies       "isSatisfied": false
104 silly leaf dependencies     },
104 silly leaf dependencies     {
104 silly leaf dependencies       "dependency": "@angular/http@^4.0.0",
104 silly leaf dependencies       "isSatisfied": false
104 silly leaf dependencies     },
104 silly leaf dependencies     {
104 silly leaf dependencies       "dependency": "@angular/platform-browser@^4.0.0",
104 silly leaf dependencies       "isSatisfied": false
104 silly leaf dependencies     },
104 silly leaf dependencies     {
104 silly leaf dependencies       "dependency": "@ec.components/core@file:../core",
104 silly leaf dependencies       "isSatisfied": false
104 silly leaf dependencies     },
104 silly leaf dependencies     {
104 silly leaf dependencies       "dependency": "rxjs@^5.1.0",
104 silly leaf dependencies       "isSatisfied": false
104 silly leaf dependencies     },
104 silly leaf dependencies     {
104 silly leaf dependencies       "dependency": "xlcss@^2.1.10",
104 silly leaf dependencies       "isSatisfied": false
104 silly leaf dependencies     },
104 silly leaf dependencies     {
104 silly leaf dependencies       "dependency": "zone.js@^0.8.4",
104 silly leaf dependencies       "isSatisfied": false
104 silly leaf dependencies     }
104 silly leaf dependencies   ],
104 silly leaf dependencies   "@ec.components/core": [
104 silly leaf dependencies     {
104 silly leaf dependencies       "dependency": "rxjs@^5.1.0",
104 silly leaf dependencies       "isSatisfied": true
104 silly leaf dependencies     }
104 silly leaf dependencies   ]
104 silly leaf dependencies }
105 info Installing external dependencies
106 verbose actions 2 actions, concurrency 4
107 silly installInDir data [ '@types/jasmine@^2.5.47',
107 silly installInDir   '@types/node@^6.0.71',
107 silly installInDir   '@angular/common@^4.0.0',
107 silly installInDir   '@angular/compiler@^4.0.0',
107 silly installInDir   '@angular/core@^4.0.0',
107 silly installInDir   '@angular/forms@^4.0.0',
107 silly installInDir   '@angular/http@^4.0.0',
107 silly installInDir   '@angular/platform-browser@^4.0.0',
107 silly installInDir   '@ec.components/core@file:../core',
107 silly installInDir   '@ec.components/ui@file:../ui',
107 silly installInDir   'ec.datamanager@^0.12.5',
107 silly installInDir   'moment@^2.18.1',
107 silly installInDir   'rxjs@^5.1.0',
107 silly installInDir   'xlcss@^2.1.10',
107 silly installInDir   'zone.js@^0.8.4' ]
108 silly installInDir backup /Users/ruben/Documents/entrecode/ec.components/src/packages/data/package.json
109 silly rename [ '/Users/ruben/Documents/entrecode/ec.components/src/packages/data/package.json',
109 silly rename   '/Users/ruben/Documents/entrecode/ec.components/src/packages/data/package.json.lerna_backup' ]
110 silly installInDir ui [ '@types/jasmine@^2.5.47',
110 silly installInDir   '@types/node@^6.0.71',
110 silly installInDir   '@angular/common@^4.0.0',
110 silly installInDir   '@angular/compiler@^4.0.0',
110 silly installInDir   '@angular/core@^4.0.0',
110 silly installInDir   '@angular/forms@^4.0.0',
110 silly installInDir   '@angular/http@^4.0.0',
110 silly installInDir   '@angular/platform-browser@^4.0.0',
110 silly installInDir   '@ec.components/core@file:../core',
110 silly installInDir   'rxjs@^5.1.0',
110 silly installInDir   'xlcss@^2.1.10',
110 silly installInDir   'zone.js@^0.8.4' ]
111 silly installInDir backup /Users/ruben/Documents/entrecode/ec.components/src/packages/ui/package.json
112 silly rename [ '/Users/ruben/Documents/entrecode/ec.components/src/packages/ui/package.json',
112 silly rename   '/Users/ruben/Documents/entrecode/ec.components/src/packages/ui/package.json.lerna_backup' ]
113 silly installInDir writing tempJson { dependencies:
113 silly installInDir    { '@types/jasmine': '^2.5.47',
113 silly installInDir      '@types/node': '^6.0.71',
113 silly installInDir      '@angular/common': '^4.0.0',
113 silly installInDir      '@angular/compiler': '^4.0.0',
113 silly installInDir      '@angular/core': '^4.0.0',
113 silly installInDir      '@angular/forms': '^4.0.0',
113 silly installInDir      '@angular/http': '^4.0.0',
113 silly installInDir      '@angular/platform-browser': '^4.0.0',
113 silly installInDir      '@ec.components/core': 'file:../core',
113 silly installInDir      rxjs: '^5.1.0',
113 silly installInDir      xlcss: '^2.1.10',
113 silly installInDir      'zone.js': '^0.8.4' } }
114 silly installInDir writing tempJson { dependencies:
114 silly installInDir    { '@types/jasmine': '^2.5.47',
114 silly installInDir      '@types/node': '^6.0.71',
114 silly installInDir      '@angular/common': '^4.0.0',
114 silly installInDir      '@angular/compiler': '^4.0.0',
114 silly installInDir      '@angular/core': '^4.0.0',
114 silly installInDir      '@angular/forms': '^4.0.0',
114 silly installInDir      '@angular/http': '^4.0.0',
114 silly installInDir      '@angular/platform-browser': '^4.0.0',
114 silly installInDir      '@ec.components/core': 'file:../core',
114 silly installInDir      '@ec.components/ui': 'file:../ui',
114 silly installInDir      'ec.datamanager': '^0.12.5',
114 silly installInDir      moment: '^2.18.1',
114 silly installInDir      rxjs: '^5.1.0',
114 silly installInDir      xlcss: '^2.1.10',
114 silly installInDir      'zone.js': '^0.8.4' } }
115 silly getExecOpts { cwd: '/Users/ruben/Documents/entrecode/ec.components/src/packages/ui' }
116 silly installInDir [ 'npm', [ 'install' ] ]
117 silly getExecOpts { cwd: '/Users/ruben/Documents/entrecode/ec.components/src/packages/data' }
118 silly installInDir [ 'npm', [ 'install' ] ]
119 silly installInDir cleanup /Users/ruben/Documents/entrecode/ec.components/src/packages/data/package.json
120 silly renameSync [ '/Users/ruben/Documents/entrecode/ec.components/src/packages/data/package.json.lerna_backup',
120 silly renameSync   '/Users/ruben/Documents/entrecode/ec.components/src/packages/data/package.json' ]
121 verbose installed leaf @ec.components/data
122 error execute Error: Command failed: npm install
122 error execute npm ERR! addLocal Could not install /Users/ruben/Documents/entrecode/ec.components/src/packages/ui
122 error execute npm ERR! No name provided in package.json
122 error execute
122 error execute npm ERR! A complete log of this run can be found in:
122 error execute npm ERR!     /Users/ruben/.npm/_logs/2017-05-10T09_00_50_640Z-debug.log
122 error execute
122 error execute     at Promise.all.then.arr (/usr/local/Cellar/node@6/6.10.2/lib/node_modules/lerna/node_modules/execa/index.js:210:11)
122 error execute     at process._tickCallback (internal/process/next_tick.js:109:7)
122 error execute  callback with error
122 error execute  { Error: Command failed: npm install
122 error execute npm ERR! addLocal Could not install /Users/ruben/Documents/entrecode/ec.components/src/packages/ui
122 error execute npm ERR! No name provided in package.json
122 error execute
122 error execute npm ERR! A complete log of this run can be found in:
122 error execute npm ERR!     /Users/ruben/.npm/_logs/2017-05-10T09_00_50_640Z-debug.log
122 error execute
122 error execute     at Promise.all.then.arr (/usr/local/Cellar/node@6/6.10.2/lib/node_modules/lerna/node_modules/execa/index.js:210:11)
122 error execute     at process._tickCallback (internal/process/next_tick.js:109:7)
122 error execute   code: 1,
122 error execute   killed: false,
122 error execute   stdout: '',
122 error execute   stderr: 'npm ERR! addLocal Could not install /Users/ruben/Documents/entrecode/ec.components/src/packages/ui\nnpm ERR! No name provided in package.json\n\nnpm ERR! A complete log of this run can be found in:\nnpm ERR!     /Users/ruben/.npm/_logs/2017-05-10T09_00_50_640Z-debug.log\n',
122 error execute   failed: true,
122 error execute   signal: null,
122 error execute   cmd: 'npm install',
122 error execute   timedOut: false }
